<?xml version="1.0" encoding="UTF-8"?>
<!-- Generated by org.testng.reporters.JUnitReportReporter -->
<testsuite hostname="DESKTOP-5H7RRRE" failures="0" tests="5" name="Automation.Spotify_Automation.Playlist" time="4.982" errors="0" timestamp="2022-11-13T13:01:37 IST" skipped="0">
  <testcase classname="Automation.Spotify_Automation.Playlist" name="getplaylistcoverimage" time="0.354"/>
  <system-out/>
  <testcase classname="Automation.Spotify_Automation.Playlist" name="getcurrentuserplaylists" time="3.215"/>
  <system-out/>
  <testcase classname="Automation.Spotify_Automation.Playlist" name="getplaylist" time="0.511"/>
  <system-out/>
  <testcase classname="Automation.Spotify_Automation.Playlist" name="getplaylistitems" time="0.421"/>
  <system-out/>
  <testcase classname="Automation.Spotify_Automation.Playlist" name="getuserplaylists" time="0.481"/>
  <system-out/>
</testsuite> <!-- Automation.Spotify_Automation.Playlist -->
