<?xml version="1.0" encoding="UTF-8"?>
<!-- Generated by org.testng.reporters.JUnitReportReporter -->
<testsuite hostname="DESKTOP-5H7RRRE" failures="0" tests="1" name="Automation.Spotify_Automation.Api" time="10.384" errors="0" timestamp="2022-11-18T13:50:06 IST" skipped="0">
  <testcase classname="Automation.Spotify_Automation.Api" name="getplaylist" time="10.384"/>
  <system-out/>
</testsuite> <!-- Automation.Spotify_Automation.Api -->
